[2025-09-17 19:00:28] [INFO] Dry run mode - no changes will be made
[2025-09-17 19:00:28] [INFO] Starting SPECTRA enhanced auto-installation
[2025-09-17 19:00:28] [INFO] Installation log: /home/john/SPECTRA/logs/install_20250917_190028.log
[2025-09-17 19:00:28] [INFO] DRY RUN MODE - No changes will be made
[2025-09-17 19:00:28] [PROGRESS] Detecting system configuration...
[2025-09-17 19:00:28] [SUCCESS] System detected: linux (debian) with apt
[2025-09-17 19:00:28] [PROGRESS] Detecting Python installation...
[2025-09-17 19:00:28] [SUCCESS] Found suitable Python: python3 (version 3.13)
[2025-09-17 19:00:28] [PROGRESS] Installing system dependencies...
[2025-09-17 19:00:28] [INFO] Would install: python3-venv python3-dev python3-pip git build-essential libffi-dev libssl-dev
[2025-09-17 19:00:28] [PROGRESS] Setting up Python virtual environment...
[2025-09-17 19:00:28] [INFO] Would create virtual environment at: /home/john/SPECTRA/.venv
[2025-09-17 19:00:28] [PROGRESS] Installing Python dependencies...
[2025-09-17 19:00:28] [INFO] Would install Python dependencies
[2025-09-17 19:00:28] [PROGRESS] Setting up project structure...
[2025-09-17 19:00:28] [INFO] Would create directory: /home/john/SPECTRA/spectra_data
[2025-09-17 19:00:28] [INFO] Would create directory: /home/john/SPECTRA/spectra_data/media
[2025-09-17 19:00:28] [INFO] Directory already exists: logs
[2025-09-17 19:00:28] [INFO] Directory already exists: migrations
[2025-09-17 19:00:28] [PROGRESS] Setting up configuration...
[2025-09-17 19:00:28] [INFO] Configuration file already exists
[2025-09-17 19:00:28] [PROGRESS] Running post-installation checks...
./auto-install.sh: line 637: /home/john/SPECTRA/.venv/bin/python: No such file or directory
[2025-09-17 19:00:28] [ERROR] SPECTRA installation verification failed
[2025-09-17 19:00:28] [ERROR] Post-installation checks failed
