2025-07-31 14:21:20,626 [INFO] spectra_004_db: DB ready at test.db
2025-07-31 14:21:20,704 [INFO] spectra_004_db: DB ready at test.db
2025-07-31 14:21:20,779 [INFO] spectra_004_db: DB ready at test.db
2025-07-31 14:21:20,860 [INFO] spectra_004_db: DB ready at test.db
2025-07-31 14:21:22,461 [INFO] spectra_004_db: DB ready at test.db
2025-07-31 14:21:22,544 [INFO] spectra_004_db: DB ready at test.db
2025-07-31 14:21:22,628 [INFO] spectra_004_db: DB ready at test.db
2025-07-31 14:21:22,637 [ERROR] tgarchive.file_sorter: Error updating category stats for test.pdf: [Errno 2] No such file or directory: 'test.pdf'
2025-07-31 14:21:22,640 [ERROR] tgarchive.file_sorter: Error updating category stats for test.jpg: [Errno 2] No such file or directory: 'test.jpg'
2025-07-31 14:21:22,642 [ERROR] tgarchive.file_sorter: Error getting MIME type for test.unknown: test error
2025-07-31 14:21:22,642 [ERROR] tgarchive.file_sorter: Error updating category stats for test.unknown: [Errno 2] No such file or directory: 'test.unknown'
2025-07-31 14:21:22,723 [INFO] spectra_004_db: DB ready at test.db
2025-07-31 14:21:22,766 [INFO] tgarchive.config_models: Configuration saved to <MagicMock spec='Path' id='140560660208176'>
2025-07-31 14:21:22,783 [INFO] tgarchive.forwarding.AttachmentForwarder: File grouping strategy: none
2025-07-31 14:21:22,787 [INFO] tgarchive.forwarding.AttachmentForwarder: Deduplication is ENABLED.
2025-07-31 14:21:22,791 [INFO] tgarchive.forwarding.AttachmentForwarder: Loaded 0 existing file content hashes (SHA256) into memory.
2025-07-31 14:21:22,792 [INFO] tgarchive.forwarding.AttachmentForwarder: File grouping strategy: filename
2025-07-31 14:21:22,792 [INFO] tgarchive.forwarding.AttachmentForwarder: Deduplication is ENABLED.
2025-07-31 14:21:22,796 [INFO] tgarchive.forwarding.AttachmentForwarder: Loaded 0 existing file content hashes (SHA256) into memory.
2025-07-31 14:21:22,821 [INFO] tgarchive.config_models: Configuration saved to <MagicMock spec='Path' id='140560275513200'>
2025-07-31 14:21:22,826 [INFO] tgarchive.forwarding.AttachmentForwarder: File grouping strategy: none
2025-07-31 14:21:22,826 [INFO] tgarchive.forwarding.AttachmentForwarder: Deduplication is ENABLED.
2025-07-31 14:21:22,831 [INFO] tgarchive.forwarding.AttachmentForwarder: Loaded 0 existing file content hashes (SHA256) into memory.
2025-07-31 14:21:22,832 [INFO] tgarchive.forwarding.AttachmentForwarder: File grouping strategy: time
2025-07-31 14:21:22,832 [INFO] tgarchive.forwarding.AttachmentForwarder: Grouping time window: 60 seconds
2025-07-31 14:21:22,833 [INFO] tgarchive.forwarding.AttachmentForwarder: Deduplication is ENABLED.
2025-07-31 14:21:22,837 [INFO] tgarchive.forwarding.AttachmentForwarder: Loaded 0 existing file content hashes (SHA256) into memory.
2025-07-31 14:21:22,850 [INFO] tgarchive.config_models: Configuration saved to <MagicMock spec='Path' id='140560275684672'>
2025-07-31 14:21:22,854 [INFO] tgarchive.forwarding.AttachmentForwarder: File grouping strategy: none
2025-07-31 14:21:22,854 [INFO] tgarchive.forwarding.AttachmentForwarder: Deduplication is ENABLED.
2025-07-31 14:21:22,858 [INFO] tgarchive.forwarding.AttachmentForwarder: Loaded 0 existing file content hashes (SHA256) into memory.
2025-07-31 14:21:22,870 [INFO] tgarchive.config_models: Loaded config from spectra_config.json
2025-07-31 14:21:22,944 [INFO] spectra_004_db: DB ready at test.db
2025-07-31 14:21:22,945 [INFO] tgarchive.forwarding.SortingForwarder: File grouping strategy: none
2025-07-31 14:21:22,946 [INFO] tgarchive.forwarding.SortingForwarder: Deduplication is ENABLED.
2025-07-31 14:21:22,947 [INFO] tgarchive.forwarding.SortingForwarder: Loaded 0 existing file content hashes (SHA256) into memory.
2025-07-31 14:21:22,958 [ERROR] tgarchive.file_sorter: Error getting MIME type for /tmp/tmpfjdmxsy0/MagicMock/doc1.pdf.name/140560461025008: [Errno 2] No such file or directory: '/tmp/tmpfjdmxsy0/MagicMock/doc1.pdf.name/140560461025008'
2025-07-31 14:21:22,959 [ERROR] tgarchive.file_sorter: Error updating category stats for /tmp/tmpfjdmxsy0/MagicMock/doc1.pdf.name/140560461025008: [Errno 2] No such file or directory: '/tmp/tmpfjdmxsy0/MagicMock/doc1.pdf.name/140560461025008'
2025-07-31 14:21:22,968 [ERROR] tgarchive.file_sorter: Error getting MIME type for /tmp/tmpfjdmxsy0/MagicMock/archive1.zip.name/140560275461216: [Errno 2] No such file or directory: '/tmp/tmpfjdmxsy0/MagicMock/archive1.zip.name/140560275461216'
2025-07-31 14:21:22,968 [ERROR] tgarchive.file_sorter: Error updating category stats for /tmp/tmpfjdmxsy0/MagicMock/archive1.zip.name/140560275461216: [Errno 2] No such file or directory: '/tmp/tmpfjdmxsy0/MagicMock/archive1.zip.name/140560275461216'
2025-07-31 14:21:22,976 [ERROR] tgarchive.file_sorter: Error getting MIME type for /tmp/tmpfjdmxsy0/MagicMock/readme.txt.name/140560510907168: [Errno 2] No such file or directory: '/tmp/tmpfjdmxsy0/MagicMock/readme.txt.name/140560510907168'
2025-07-31 14:21:22,977 [ERROR] tgarchive.file_sorter: Error updating category stats for /tmp/tmpfjdmxsy0/MagicMock/readme.txt.name/140560510907168: [Errno 2] No such file or directory: '/tmp/tmpfjdmxsy0/MagicMock/readme.txt.name/140560510907168'
2025-07-31 14:21:22,988 [INFO] tgarchive.config_models: Loaded config from spectra_config.json
2025-07-31 14:21:23,073 [INFO] spectra_004_db: DB ready at test.db
2025-07-31 14:21:23,075 [INFO] tgarchive.forwarding.AttachmentForwarder: File grouping strategy: none
2025-07-31 14:21:23,076 [INFO] tgarchive.forwarding.AttachmentForwarder: Deduplication is ENABLED.
2025-07-31 14:21:23,076 [INFO] tgarchive.forwarding.AttachmentForwarder: Loaded 0 existing file content hashes (SHA256) into memory.
2025-07-31 14:21:23,087 [INFO] tgarchive.config_models: Loaded config from spectra_config.json
2025-07-31 14:21:23,173 [INFO] spectra_004_db: DB ready at test.db
2025-07-31 14:21:23,175 [INFO] tgarchive.forwarding.AttachmentForwarder: File grouping strategy: none
2025-07-31 14:21:23,176 [INFO] tgarchive.forwarding.AttachmentForwarder: Deduplication is ENABLED.
2025-07-31 14:21:23,176 [INFO] tgarchive.forwarding.AttachmentForwarder: Loaded 0 existing file content hashes (SHA256) into memory.
2025-07-31 14:21:23,182 [INFO] tgarchive.config_models: Loaded config from <MagicMock id='140560799348496'>
2025-07-31 14:21:23,183 [INFO] tgarchive.forwarding.AttachmentForwarder: File grouping strategy: none
2025-07-31 14:21:23,184 [INFO] tgarchive.forwarding.AttachmentForwarder: Deduplication is ENABLED.
2025-07-31 14:21:23,189 [INFO] tgarchive.forwarding.AttachmentForwarder: Loaded 0 existing file content hashes (SHA256) into memory.
2025-07-31 14:21:23,217 [INFO] tgarchive.forwarding.SortingForwarder: File grouping strategy: none
2025-07-31 14:21:23,217 [INFO] tgarchive.forwarding.SortingForwarder: Deduplication is ENABLED.
2025-07-31 14:21:23,219 [ERROR] tgarchive.forwarding.SortingForwarder: Error loading existing file hashes: 'Mock' object is not iterable
Traceback (most recent call last):
  File "/app/tgarchive/forwarding.py", line 141, in _load_existing_hashes
    for row in cursor:
               ^^^^^^
TypeError: 'Mock' object is not iterable
2025-07-31 14:21:23,232 [INFO] tgarchive.forwarding.SortingForwarder: File grouping strategy: none
2025-07-31 14:21:23,233 [INFO] tgarchive.forwarding.SortingForwarder: Deduplication is ENABLED.
2025-07-31 14:21:23,235 [ERROR] tgarchive.forwarding.SortingForwarder: Error loading existing file hashes: 'Mock' object is not iterable
Traceback (most recent call last):
  File "/app/tgarchive/forwarding.py", line 141, in _load_existing_hashes
    for row in cursor:
               ^^^^^^
TypeError: 'Mock' object is not iterable
2025-07-31 14:21:23,330 [INFO] spectra_004_db: DB ready at test.db
