2025-07-12 00:57:25,201 [INFO] tgarchive.config_models: Configuration saved to <MagicMock spec='Path' id='139836714608704'>
2025-07-12 00:57:25,205 [INFO] tgarchive.forwarding.AttachmentForwarder: File grouping strategy: none
2025-07-12 00:57:25,206 [INFO] tgarchive.forwarding.AttachmentForwarder: Deduplication is ENABLED.
2025-07-12 00:57:25,207 [INFO] tgarchive.forwarding.AttachmentForwarder: Deduplication table 'forwarded_messages' initialized successfully.
2025-07-12 00:57:25,207 [INFO] tgarchive.forwarding.AttachmentForwarder: Loaded 0 existing message hashes into memory for deduplication.
2025-07-12 00:57:25,212 [INFO] tgarchive.config_models: Configuration saved to <MagicMock spec='Path' id='139836714791952'>
2025-07-12 00:57:25,213 [INFO] tgarchive.forwarding.AttachmentForwarder: File grouping strategy: none
2025-07-12 00:57:25,213 [INFO] tgarchive.forwarding.AttachmentForwarder: Deduplication is ENABLED.
2025-07-12 00:57:25,214 [INFO] tgarchive.forwarding.AttachmentForwarder: Deduplication table 'forwarded_messages' initialized successfully.
2025-07-12 00:57:25,215 [INFO] tgarchive.forwarding.AttachmentForwarder: Loaded 0 existing message hashes into memory for deduplication.
2025-07-12 00:57:25,221 [INFO] tgarchive.config_models: Configuration saved to <MagicMock spec='Path' id='139836713356416'>
2025-07-12 00:57:25,222 [INFO] tgarchive.forwarding.AttachmentForwarder: File grouping strategy: none
2025-07-12 00:57:25,222 [INFO] tgarchive.forwarding.AttachmentForwarder: Deduplication is ENABLED.
2025-07-12 00:57:25,224 [INFO] tgarchive.forwarding.AttachmentForwarder: Deduplication table 'forwarded_messages' initialized successfully.
2025-07-12 00:57:25,224 [INFO] tgarchive.forwarding.AttachmentForwarder: Loaded 0 existing message hashes into memory for deduplication.
2025-07-12 00:57:25,225 [INFO] tgarchive.forwarding.AttachmentForwarder: File grouping strategy: filename
2025-07-12 00:57:25,225 [INFO] tgarchive.forwarding.AttachmentForwarder: Deduplication is ENABLED.
2025-07-12 00:57:25,226 [INFO] tgarchive.forwarding.AttachmentForwarder: Deduplication table 'forwarded_messages' initialized successfully.
2025-07-12 00:57:25,227 [INFO] tgarchive.forwarding.AttachmentForwarder: Loaded 0 existing message hashes into memory for deduplication.
2025-07-12 00:57:25,233 [INFO] tgarchive.config_models: Configuration saved to <MagicMock spec='Path' id='139836713382256'>
2025-07-12 00:57:25,234 [INFO] tgarchive.forwarding.AttachmentForwarder: File grouping strategy: none
2025-07-12 00:57:25,234 [INFO] tgarchive.forwarding.AttachmentForwarder: Deduplication is ENABLED.
2025-07-12 00:57:25,235 [INFO] tgarchive.forwarding.AttachmentForwarder: Deduplication table 'forwarded_messages' initialized successfully.
2025-07-12 00:57:25,235 [INFO] tgarchive.forwarding.AttachmentForwarder: Loaded 0 existing message hashes into memory for deduplication.
2025-07-12 00:57:25,236 [INFO] tgarchive.forwarding.AttachmentForwarder: File grouping strategy: time
2025-07-12 00:57:25,236 [INFO] tgarchive.forwarding.AttachmentForwarder: Grouping time window: 60 seconds
2025-07-12 00:57:25,236 [INFO] tgarchive.forwarding.AttachmentForwarder: Deduplication is ENABLED.
2025-07-12 00:57:25,237 [INFO] tgarchive.forwarding.AttachmentForwarder: Deduplication table 'forwarded_messages' initialized successfully.
2025-07-12 00:57:25,237 [INFO] tgarchive.forwarding.AttachmentForwarder: Loaded 0 existing message hashes into memory for deduplication.
2025-07-12 00:57:25,243 [INFO] tgarchive.config_models: Configuration saved to <MagicMock spec='Path' id='139836713595008'>
2025-07-12 00:57:25,244 [INFO] tgarchive.forwarding.AttachmentForwarder: File grouping strategy: none
2025-07-12 00:57:25,244 [INFO] tgarchive.forwarding.AttachmentForwarder: Deduplication is ENABLED.
2025-07-12 00:57:25,245 [INFO] tgarchive.forwarding.AttachmentForwarder: Deduplication table 'forwarded_messages' initialized successfully.
2025-07-12 00:57:25,245 [INFO] tgarchive.forwarding.AttachmentForwarder: Loaded 0 existing message hashes into memory for deduplication.
