2025-07-12 00:56:30,800 [INFO] tgarchive.config_models: Configuration saved to <MagicMock spec='Path' id='139622077263760'>
2025-07-12 00:56:30,805 [INFO] tgarchive.forwarding.AttachmentForwarder: File grouping strategy: none
2025-07-12 00:56:30,806 [INFO] tgarchive.forwarding.AttachmentForwarder: Deduplication is ENABLED.
2025-07-12 00:56:30,807 [INFO] tgarchive.forwarding.AttachmentForwarder: Deduplication table 'forwarded_messages' initialized successfully.
2025-07-12 00:56:30,807 [INFO] tgarchive.forwarding.AttachmentForwarder: Loaded 0 existing message hashes into memory for deduplication.
2025-07-12 00:56:30,812 [INFO] tgarchive.config_models: Configuration saved to <MagicMock spec='Path' id='139622077444272'>
2025-07-12 00:56:30,814 [INFO] tgarchive.forwarding.AttachmentForwarder: File grouping strategy: none
2025-07-12 00:56:30,814 [INFO] tgarchive.forwarding.AttachmentForwarder: Deduplication is ENABLED.
2025-07-12 00:56:30,815 [INFO] tgarchive.forwarding.AttachmentForwarder: Deduplication table 'forwarded_messages' initialized successfully.
2025-07-12 00:56:30,816 [INFO] tgarchive.forwarding.AttachmentForwarder: Loaded 0 existing message hashes into memory for deduplication.
2025-07-12 00:56:30,823 [INFO] tgarchive.config_models: Configuration saved to <MagicMock spec='Path' id='139622077307392'>
2025-07-12 00:56:30,824 [INFO] tgarchive.forwarding.AttachmentForwarder: File grouping strategy: none
2025-07-12 00:56:30,824 [INFO] tgarchive.forwarding.AttachmentForwarder: Deduplication is ENABLED.
2025-07-12 00:56:30,826 [INFO] tgarchive.forwarding.AttachmentForwarder: Deduplication table 'forwarded_messages' initialized successfully.
2025-07-12 00:56:30,827 [INFO] tgarchive.forwarding.AttachmentForwarder: Loaded 0 existing message hashes into memory for deduplication.
2025-07-12 00:56:30,827 [INFO] tgarchive.forwarding.AttachmentForwarder: File grouping strategy: filename
2025-07-12 00:56:30,827 [INFO] tgarchive.forwarding.AttachmentForwarder: Deduplication is ENABLED.
2025-07-12 00:56:30,829 [INFO] tgarchive.forwarding.AttachmentForwarder: Deduplication table 'forwarded_messages' initialized successfully.
2025-07-12 00:56:30,830 [INFO] tgarchive.forwarding.AttachmentForwarder: Loaded 0 existing message hashes into memory for deduplication.
2025-07-12 00:56:30,836 [INFO] tgarchive.config_models: Configuration saved to <MagicMock spec='Path' id='139622078148784'>
2025-07-12 00:56:30,837 [INFO] tgarchive.forwarding.AttachmentForwarder: File grouping strategy: none
2025-07-12 00:56:30,837 [INFO] tgarchive.forwarding.AttachmentForwarder: Deduplication is ENABLED.
2025-07-12 00:56:30,839 [INFO] tgarchive.forwarding.AttachmentForwarder: Deduplication table 'forwarded_messages' initialized successfully.
2025-07-12 00:56:30,839 [INFO] tgarchive.forwarding.AttachmentForwarder: Loaded 0 existing message hashes into memory for deduplication.
2025-07-12 00:56:30,839 [INFO] tgarchive.forwarding.AttachmentForwarder: File grouping strategy: time
2025-07-12 00:56:30,839 [INFO] tgarchive.forwarding.AttachmentForwarder: Grouping time window: 60 seconds
2025-07-12 00:56:30,839 [INFO] tgarchive.forwarding.AttachmentForwarder: Deduplication is ENABLED.
2025-07-12 00:56:30,841 [INFO] tgarchive.forwarding.AttachmentForwarder: Deduplication table 'forwarded_messages' initialized successfully.
2025-07-12 00:56:30,841 [INFO] tgarchive.forwarding.AttachmentForwarder: Loaded 0 existing message hashes into memory for deduplication.
2025-07-12 00:56:30,844 [INFO] tgarchive.config_models: Configuration saved to <MagicMock spec='Path' id='139622122462512'>
2025-07-12 00:56:30,846 [INFO] tgarchive.forwarding.AttachmentForwarder: File grouping strategy: none
2025-07-12 00:56:30,846 [INFO] tgarchive.forwarding.AttachmentForwarder: Deduplication is ENABLED.
2025-07-12 00:56:30,847 [INFO] tgarchive.forwarding.AttachmentForwarder: Deduplication table 'forwarded_messages' initialized successfully.
2025-07-12 00:56:30,847 [INFO] tgarchive.forwarding.AttachmentForwarder: Loaded 0 existing message hashes into memory for deduplication.
