2025-07-12 02:24:19,640 [INFO] tgarchive.config_models: Configuration saved to <MagicMock spec='Path' id='140439103565664'>
2025-07-12 02:24:19,644 [INFO] tgarchive.forwarding.AttachmentForwarder: File grouping strategy: none
2025-07-12 02:24:19,645 [INFO] tgarchive.forwarding.AttachmentForwarder: Deduplication is ENABLED.
2025-07-12 02:24:19,646 [INFO] tgarchive.forwarding.AttachmentForwarder: Deduplication table 'forwarded_messages' initialized successfully.
2025-07-12 02:24:19,646 [INFO] tgarchive.forwarding.AttachmentForwarder: Loaded 0 existing message hashes into memory for deduplication.
2025-07-12 02:24:19,650 [INFO] tgarchive.config_models: Configuration saved to <MagicMock spec='Path' id='140439103747040'>
2025-07-12 02:24:19,652 [INFO] tgarchive.forwarding.AttachmentForwarder: File grouping strategy: none
2025-07-12 02:24:19,652 [INFO] tgarchive.forwarding.AttachmentForwarder: Deduplication is ENABLED.
2025-07-12 02:24:19,653 [INFO] tgarchive.forwarding.AttachmentForwarder: Deduplication table 'forwarded_messages' initialized successfully.
2025-07-12 02:24:19,653 [INFO] tgarchive.forwarding.AttachmentForwarder: Loaded 0 existing message hashes into memory for deduplication.
2025-07-12 02:24:19,658 [INFO] tgarchive.config_models: Configuration saved to <MagicMock spec='Path' id='140439104231168'>
2025-07-12 02:24:19,660 [INFO] tgarchive.forwarding.AttachmentForwarder: File grouping strategy: none
2025-07-12 02:24:19,660 [INFO] tgarchive.forwarding.AttachmentForwarder: Deduplication is ENABLED.
2025-07-12 02:24:19,661 [INFO] tgarchive.forwarding.AttachmentForwarder: Deduplication table 'forwarded_messages' initialized successfully.
2025-07-12 02:24:19,661 [INFO] tgarchive.forwarding.AttachmentForwarder: Loaded 0 existing message hashes into memory for deduplication.
2025-07-12 02:24:19,662 [INFO] tgarchive.forwarding.AttachmentForwarder: File grouping strategy: filename
2025-07-12 02:24:19,662 [INFO] tgarchive.forwarding.AttachmentForwarder: Deduplication is ENABLED.
2025-07-12 02:24:19,663 [INFO] tgarchive.forwarding.AttachmentForwarder: Deduplication table 'forwarded_messages' initialized successfully.
2025-07-12 02:24:19,663 [INFO] tgarchive.forwarding.AttachmentForwarder: Loaded 0 existing message hashes into memory for deduplication.
2025-07-12 02:24:19,670 [INFO] tgarchive.config_models: Configuration saved to <MagicMock spec='Path' id='140439104450976'>
2025-07-12 02:24:19,671 [INFO] tgarchive.forwarding.AttachmentForwarder: File grouping strategy: none
2025-07-12 02:24:19,671 [INFO] tgarchive.forwarding.AttachmentForwarder: Deduplication is ENABLED.
2025-07-12 02:24:19,672 [INFO] tgarchive.forwarding.AttachmentForwarder: Deduplication table 'forwarded_messages' initialized successfully.
2025-07-12 02:24:19,672 [INFO] tgarchive.forwarding.AttachmentForwarder: Loaded 0 existing message hashes into memory for deduplication.
2025-07-12 02:24:19,673 [INFO] tgarchive.forwarding.AttachmentForwarder: File grouping strategy: time
2025-07-12 02:24:19,673 [INFO] tgarchive.forwarding.AttachmentForwarder: Grouping time window: 60 seconds
2025-07-12 02:24:19,673 [INFO] tgarchive.forwarding.AttachmentForwarder: Deduplication is ENABLED.
2025-07-12 02:24:19,674 [INFO] tgarchive.forwarding.AttachmentForwarder: Deduplication table 'forwarded_messages' initialized successfully.
2025-07-12 02:24:19,674 [INFO] tgarchive.forwarding.AttachmentForwarder: Loaded 0 existing message hashes into memory for deduplication.
2025-07-12 02:24:19,678 [INFO] tgarchive.config_models: Configuration saved to <MagicMock spec='Path' id='140439102566528'>
2025-07-12 02:24:19,679 [INFO] tgarchive.forwarding.AttachmentForwarder: File grouping strategy: none
2025-07-12 02:24:19,679 [INFO] tgarchive.forwarding.AttachmentForwarder: Deduplication is ENABLED.
2025-07-12 02:24:19,681 [INFO] tgarchive.forwarding.AttachmentForwarder: Deduplication table 'forwarded_messages' initialized successfully.
2025-07-12 02:24:19,681 [INFO] tgarchive.forwarding.AttachmentForwarder: Loaded 0 existing message hashes into memory for deduplication.
