2025-07-12 02:22:25,704 [INFO] tgarchive.config_models: Configuration saved to <MagicMock spec='Path' id='140600368427952'>
2025-07-12 02:22:25,709 [INFO] tgarchive.forwarding.AttachmentForwarder: File grouping strategy: none
2025-07-12 02:22:25,709 [INFO] tgarchive.forwarding.AttachmentForwarder: Deduplication is ENABLED.
2025-07-12 02:22:25,711 [INFO] tgarchive.forwarding.AttachmentForwarder: Deduplication table 'forwarded_messages' initialized successfully.
2025-07-12 02:22:25,711 [INFO] tgarchive.forwarding.AttachmentForwarder: Loaded 0 existing message hashes into memory for deduplication.
2025-07-12 02:22:25,716 [INFO] tgarchive.config_models: Configuration saved to <MagicMock spec='Path' id='140600362051216'>
2025-07-12 02:22:25,717 [INFO] tgarchive.forwarding.AttachmentForwarder: File grouping strategy: none
2025-07-12 02:22:25,718 [INFO] tgarchive.forwarding.AttachmentForwarder: Deduplication is ENABLED.
2025-07-12 02:22:25,719 [INFO] tgarchive.forwarding.AttachmentForwarder: Deduplication table 'forwarded_messages' initialized successfully.
2025-07-12 02:22:25,720 [INFO] tgarchive.forwarding.AttachmentForwarder: Loaded 0 existing message hashes into memory for deduplication.
2025-07-12 02:22:25,727 [INFO] tgarchive.config_models: Configuration saved to <MagicMock spec='Path' id='140600407235264'>
2025-07-12 02:22:25,728 [INFO] tgarchive.forwarding.AttachmentForwarder: File grouping strategy: none
2025-07-12 02:22:25,728 [INFO] tgarchive.forwarding.AttachmentForwarder: Deduplication is ENABLED.
2025-07-12 02:22:25,730 [INFO] tgarchive.forwarding.AttachmentForwarder: Deduplication table 'forwarded_messages' initialized successfully.
2025-07-12 02:22:25,731 [INFO] tgarchive.forwarding.AttachmentForwarder: Loaded 0 existing message hashes into memory for deduplication.
2025-07-12 02:22:25,731 [INFO] tgarchive.forwarding.AttachmentForwarder: File grouping strategy: filename
2025-07-12 02:22:25,731 [INFO] tgarchive.forwarding.AttachmentForwarder: Deduplication is ENABLED.
2025-07-12 02:22:25,733 [INFO] tgarchive.forwarding.AttachmentForwarder: Deduplication table 'forwarded_messages' initialized successfully.
2025-07-12 02:22:25,734 [INFO] tgarchive.forwarding.AttachmentForwarder: Loaded 0 existing message hashes into memory for deduplication.
2025-07-12 02:22:25,741 [INFO] tgarchive.config_models: Configuration saved to <MagicMock spec='Path' id='140600362636288'>
2025-07-12 02:22:25,743 [INFO] tgarchive.forwarding.AttachmentForwarder: File grouping strategy: none
2025-07-12 02:22:25,743 [INFO] tgarchive.forwarding.AttachmentForwarder: Deduplication is ENABLED.
2025-07-12 02:22:25,744 [INFO] tgarchive.forwarding.AttachmentForwarder: Deduplication table 'forwarded_messages' initialized successfully.
2025-07-12 02:22:25,744 [INFO] tgarchive.forwarding.AttachmentForwarder: Loaded 0 existing message hashes into memory for deduplication.
2025-07-12 02:22:25,744 [INFO] tgarchive.forwarding.AttachmentForwarder: File grouping strategy: time
2025-07-12 02:22:25,744 [INFO] tgarchive.forwarding.AttachmentForwarder: Grouping time window: 60 seconds
2025-07-12 02:22:25,745 [INFO] tgarchive.forwarding.AttachmentForwarder: Deduplication is ENABLED.
2025-07-12 02:22:25,746 [INFO] tgarchive.forwarding.AttachmentForwarder: Deduplication table 'forwarded_messages' initialized successfully.
2025-07-12 02:22:25,746 [INFO] tgarchive.forwarding.AttachmentForwarder: Loaded 0 existing message hashes into memory for deduplication.
2025-07-12 02:22:25,750 [INFO] tgarchive.config_models: Configuration saved to <MagicMock spec='Path' id='140600360972272'>
2025-07-12 02:22:25,751 [INFO] tgarchive.forwarding.AttachmentForwarder: File grouping strategy: none
2025-07-12 02:22:25,751 [INFO] tgarchive.forwarding.AttachmentForwarder: Deduplication is ENABLED.
2025-07-12 02:22:25,752 [INFO] tgarchive.forwarding.AttachmentForwarder: Deduplication table 'forwarded_messages' initialized successfully.
2025-07-12 02:22:25,752 [INFO] tgarchive.forwarding.AttachmentForwarder: Loaded 0 existing message hashes into memory for deduplication.
