2025-07-12 01:00:35,493 [INFO] tgarchive.config_models: Configuration saved to <MagicMock spec='Path' id='139742272384816'>
2025-07-12 01:00:35,498 [INFO] tgarchive.forwarding.AttachmentForwarder: File grouping strategy: none
2025-07-12 01:00:35,498 [INFO] tgarchive.forwarding.AttachmentForwarder: Deduplication is ENABLED.
2025-07-12 01:00:35,499 [INFO] tgarchive.forwarding.AttachmentForwarder: Deduplication table 'forwarded_messages' initialized successfully.
2025-07-12 01:00:35,500 [INFO] tgarchive.forwarding.AttachmentForwarder: Loaded 0 existing message hashes into memory for deduplication.
2025-07-12 01:00:35,504 [INFO] tgarchive.config_models: Configuration saved to <MagicMock spec='Path' id='139742272565904'>
2025-07-12 01:00:35,505 [INFO] tgarchive.forwarding.AttachmentForwarder: File grouping strategy: none
2025-07-12 01:00:35,505 [INFO] tgarchive.forwarding.AttachmentForwarder: Deduplication is ENABLED.
2025-07-12 01:00:35,506 [INFO] tgarchive.forwarding.AttachmentForwarder: Deduplication table 'forwarded_messages' initialized successfully.
2025-07-12 01:00:35,507 [INFO] tgarchive.forwarding.AttachmentForwarder: Loaded 0 existing message hashes into memory for deduplication.
2025-07-12 01:00:35,512 [INFO] tgarchive.config_models: Configuration saved to <MagicMock spec='Path' id='139742273049360'>
2025-07-12 01:00:35,513 [INFO] tgarchive.forwarding.AttachmentForwarder: File grouping strategy: none
2025-07-12 01:00:35,513 [INFO] tgarchive.forwarding.AttachmentForwarder: Deduplication is ENABLED.
2025-07-12 01:00:35,514 [INFO] tgarchive.forwarding.AttachmentForwarder: Deduplication table 'forwarded_messages' initialized successfully.
2025-07-12 01:00:35,514 [INFO] tgarchive.forwarding.AttachmentForwarder: Loaded 0 existing message hashes into memory for deduplication.
2025-07-12 01:00:35,515 [INFO] tgarchive.forwarding.AttachmentForwarder: File grouping strategy: filename
2025-07-12 01:00:35,515 [INFO] tgarchive.forwarding.AttachmentForwarder: Deduplication is ENABLED.
2025-07-12 01:00:35,516 [INFO] tgarchive.forwarding.AttachmentForwarder: Deduplication table 'forwarded_messages' initialized successfully.
2025-07-12 01:00:35,516 [INFO] tgarchive.forwarding.AttachmentForwarder: Loaded 0 existing message hashes into memory for deduplication.
2025-07-12 01:00:35,521 [INFO] tgarchive.config_models: Configuration saved to <MagicMock spec='Path' id='139742273285504'>
2025-07-12 01:00:35,522 [INFO] tgarchive.forwarding.AttachmentForwarder: File grouping strategy: none
2025-07-12 01:00:35,523 [INFO] tgarchive.forwarding.AttachmentForwarder: Deduplication is ENABLED.
2025-07-12 01:00:35,524 [INFO] tgarchive.forwarding.AttachmentForwarder: Deduplication table 'forwarded_messages' initialized successfully.
2025-07-12 01:00:35,525 [INFO] tgarchive.forwarding.AttachmentForwarder: Loaded 0 existing message hashes into memory for deduplication.
2025-07-12 01:00:35,525 [INFO] tgarchive.forwarding.AttachmentForwarder: File grouping strategy: time
2025-07-12 01:00:35,525 [INFO] tgarchive.forwarding.AttachmentForwarder: Grouping time window: 60 seconds
2025-07-12 01:00:35,525 [INFO] tgarchive.forwarding.AttachmentForwarder: Deduplication is ENABLED.
2025-07-12 01:00:35,526 [INFO] tgarchive.forwarding.AttachmentForwarder: Deduplication table 'forwarded_messages' initialized successfully.
2025-07-12 01:00:35,526 [INFO] tgarchive.forwarding.AttachmentForwarder: Loaded 0 existing message hashes into memory for deduplication.
2025-07-12 01:00:35,530 [INFO] tgarchive.config_models: Configuration saved to <MagicMock spec='Path' id='139742271435456'>
2025-07-12 01:00:35,531 [INFO] tgarchive.forwarding.AttachmentForwarder: File grouping strategy: none
2025-07-12 01:00:35,531 [INFO] tgarchive.forwarding.AttachmentForwarder: Deduplication is ENABLED.
2025-07-12 01:00:35,532 [INFO] tgarchive.forwarding.AttachmentForwarder: Deduplication table 'forwarded_messages' initialized successfully.
2025-07-12 01:00:35,533 [INFO] tgarchive.forwarding.AttachmentForwarder: Loaded 0 existing message hashes into memory for deduplication.
