2025-07-12 02:26:10,827 [INFO] tgarchive.config_models: Configuration saved to <MagicMock spec='Path' id='139704527337376'>
2025-07-12 02:26:10,831 [INFO] tgarchive.forwarding.AttachmentForwarder: File grouping strategy: none
2025-07-12 02:26:10,832 [INFO] tgarchive.forwarding.AttachmentForwarder: Deduplication is ENABLED.
2025-07-12 02:26:10,833 [INFO] tgarchive.forwarding.AttachmentForwarder: Deduplication table 'forwarded_messages' initialized successfully.
2025-07-12 02:26:10,834 [INFO] tgarchive.forwarding.AttachmentForwarder: Loaded 0 existing message hashes into memory for deduplication.
2025-07-12 02:26:10,838 [INFO] tgarchive.config_models: Configuration saved to <MagicMock spec='Path' id='139704527502992'>
2025-07-12 02:26:10,839 [INFO] tgarchive.forwarding.AttachmentForwarder: File grouping strategy: none
2025-07-12 02:26:10,839 [INFO] tgarchive.forwarding.AttachmentForwarder: Deduplication is ENABLED.
2025-07-12 02:26:10,840 [INFO] tgarchive.forwarding.AttachmentForwarder: Deduplication table 'forwarded_messages' initialized successfully.
2025-07-12 02:26:10,841 [INFO] tgarchive.forwarding.AttachmentForwarder: Loaded 0 existing message hashes into memory for deduplication.
2025-07-12 02:26:10,846 [INFO] tgarchive.config_models: Configuration saved to <MagicMock spec='Path' id='139704508633728'>
2025-07-12 02:26:10,847 [INFO] tgarchive.forwarding.AttachmentForwarder: File grouping strategy: none
2025-07-12 02:26:10,847 [INFO] tgarchive.forwarding.AttachmentForwarder: Deduplication is ENABLED.
2025-07-12 02:26:10,848 [INFO] tgarchive.forwarding.AttachmentForwarder: Deduplication table 'forwarded_messages' initialized successfully.
2025-07-12 02:26:10,848 [INFO] tgarchive.forwarding.AttachmentForwarder: Loaded 0 existing message hashes into memory for deduplication.
2025-07-12 02:26:10,849 [INFO] tgarchive.forwarding.AttachmentForwarder: File grouping strategy: filename
2025-07-12 02:26:10,849 [INFO] tgarchive.forwarding.AttachmentForwarder: Deduplication is ENABLED.
2025-07-12 02:26:10,850 [INFO] tgarchive.forwarding.AttachmentForwarder: Deduplication table 'forwarded_messages' initialized successfully.
2025-07-12 02:26:10,850 [INFO] tgarchive.forwarding.AttachmentForwarder: Loaded 0 existing message hashes into memory for deduplication.
2025-07-12 02:26:10,857 [INFO] tgarchive.config_models: Configuration saved to <MagicMock spec='Path' id='139704508854544'>
2025-07-12 02:26:10,858 [INFO] tgarchive.forwarding.AttachmentForwarder: File grouping strategy: none
2025-07-12 02:26:10,858 [INFO] tgarchive.forwarding.AttachmentForwarder: Deduplication is ENABLED.
2025-07-12 02:26:10,859 [INFO] tgarchive.forwarding.AttachmentForwarder: Deduplication table 'forwarded_messages' initialized successfully.
2025-07-12 02:26:10,860 [INFO] tgarchive.forwarding.AttachmentForwarder: Loaded 0 existing message hashes into memory for deduplication.
2025-07-12 02:26:10,860 [INFO] tgarchive.forwarding.AttachmentForwarder: File grouping strategy: time
2025-07-12 02:26:10,860 [INFO] tgarchive.forwarding.AttachmentForwarder: Grouping time window: 60 seconds
2025-07-12 02:26:10,860 [INFO] tgarchive.forwarding.AttachmentForwarder: Deduplication is ENABLED.
2025-07-12 02:26:10,861 [INFO] tgarchive.forwarding.AttachmentForwarder: Deduplication table 'forwarded_messages' initialized successfully.
2025-07-12 02:26:10,862 [INFO] tgarchive.forwarding.AttachmentForwarder: Loaded 0 existing message hashes into memory for deduplication.
2025-07-12 02:26:10,865 [INFO] tgarchive.config_models: Configuration saved to <MagicMock spec='Path' id='139704506970288'>
2025-07-12 02:26:10,866 [INFO] tgarchive.forwarding.AttachmentForwarder: File grouping strategy: none
2025-07-12 02:26:10,866 [INFO] tgarchive.forwarding.AttachmentForwarder: Deduplication is ENABLED.
2025-07-12 02:26:10,867 [INFO] tgarchive.forwarding.AttachmentForwarder: Deduplication table 'forwarded_messages' initialized successfully.
2025-07-12 02:26:10,868 [INFO] tgarchive.forwarding.AttachmentForwarder: Loaded 0 existing message hashes into memory for deduplication.
