2025-07-12 02:21:36,352 [INFO] tgarchive.config_models: Configuration saved to <MagicMock spec='Path' id='140158305514416'>
2025-07-12 02:21:36,357 [INFO] tgarchive.forwarding.AttachmentForwarder: File grouping strategy: none
2025-07-12 02:21:36,358 [INFO] tgarchive.forwarding.AttachmentForwarder: Deduplication is ENABLED.
2025-07-12 02:21:36,359 [INFO] tgarchive.forwarding.AttachmentForwarder: Deduplication table 'forwarded_messages' initialized successfully.
2025-07-12 02:21:36,359 [INFO] tgarchive.forwarding.AttachmentForwarder: Loaded 0 existing message hashes into memory for deduplication.
2025-07-12 02:21:36,365 [INFO] tgarchive.config_models: Configuration saved to <MagicMock spec='Path' id='140158302516432'>
2025-07-12 02:21:36,366 [INFO] tgarchive.forwarding.AttachmentForwarder: File grouping strategy: none
2025-07-12 02:21:36,366 [INFO] tgarchive.forwarding.AttachmentForwarder: Deduplication is ENABLED.
2025-07-12 02:21:36,367 [INFO] tgarchive.forwarding.AttachmentForwarder: Deduplication table 'forwarded_messages' initialized successfully.
2025-07-12 02:21:36,368 [INFO] tgarchive.forwarding.AttachmentForwarder: Loaded 0 existing message hashes into memory for deduplication.
2025-07-12 02:21:36,375 [INFO] tgarchive.config_models: Configuration saved to <MagicMock spec='Path' id='140158303047696'>
2025-07-12 02:21:36,376 [INFO] tgarchive.forwarding.AttachmentForwarder: File grouping strategy: none
2025-07-12 02:21:36,376 [INFO] tgarchive.forwarding.AttachmentForwarder: Deduplication is ENABLED.
2025-07-12 02:21:36,378 [INFO] tgarchive.forwarding.AttachmentForwarder: Deduplication table 'forwarded_messages' initialized successfully.
2025-07-12 02:21:36,378 [INFO] tgarchive.forwarding.AttachmentForwarder: Loaded 0 existing message hashes into memory for deduplication.
2025-07-12 02:21:36,379 [INFO] tgarchive.forwarding.AttachmentForwarder: File grouping strategy: filename
2025-07-12 02:21:36,379 [INFO] tgarchive.forwarding.AttachmentForwarder: Deduplication is ENABLED.
2025-07-12 02:21:36,381 [INFO] tgarchive.forwarding.AttachmentForwarder: Deduplication table 'forwarded_messages' initialized successfully.
2025-07-12 02:21:36,381 [INFO] tgarchive.forwarding.AttachmentForwarder: Loaded 0 existing message hashes into memory for deduplication.
2025-07-12 02:21:36,389 [INFO] tgarchive.config_models: Configuration saved to <MagicMock spec='Path' id='140158301123648'>
2025-07-12 02:21:36,390 [INFO] tgarchive.forwarding.AttachmentForwarder: File grouping strategy: none
2025-07-12 02:21:36,391 [INFO] tgarchive.forwarding.AttachmentForwarder: Deduplication is ENABLED.
2025-07-12 02:21:36,392 [INFO] tgarchive.forwarding.AttachmentForwarder: Deduplication table 'forwarded_messages' initialized successfully.
2025-07-12 02:21:36,392 [INFO] tgarchive.forwarding.AttachmentForwarder: Loaded 0 existing message hashes into memory for deduplication.
2025-07-12 02:21:36,392 [INFO] tgarchive.forwarding.AttachmentForwarder: File grouping strategy: time
2025-07-12 02:21:36,392 [INFO] tgarchive.forwarding.AttachmentForwarder: Grouping time window: 60 seconds
2025-07-12 02:21:36,392 [INFO] tgarchive.forwarding.AttachmentForwarder: Deduplication is ENABLED.
2025-07-12 02:21:36,394 [INFO] tgarchive.forwarding.AttachmentForwarder: Deduplication table 'forwarded_messages' initialized successfully.
2025-07-12 02:21:36,394 [INFO] tgarchive.forwarding.AttachmentForwarder: Loaded 0 existing message hashes into memory for deduplication.
2025-07-12 02:21:36,398 [INFO] tgarchive.config_models: Configuration saved to <MagicMock spec='Path' id='140158301336064'>
2025-07-12 02:21:36,399 [INFO] tgarchive.forwarding.AttachmentForwarder: File grouping strategy: none
2025-07-12 02:21:36,399 [INFO] tgarchive.forwarding.AttachmentForwarder: Deduplication is ENABLED.
2025-07-12 02:21:36,400 [INFO] tgarchive.forwarding.AttachmentForwarder: Deduplication table 'forwarded_messages' initialized successfully.
2025-07-12 02:21:36,400 [INFO] tgarchive.forwarding.AttachmentForwarder: Loaded 0 existing message hashes into memory for deduplication.
