2025-07-12 02:23:07,196 [INFO] tgarchive.config_models: Configuration saved to <MagicMock spec='Path' id='140555151568592'>
2025-07-12 02:23:07,200 [INFO] tgarchive.forwarding.AttachmentForwarder: File grouping strategy: none
2025-07-12 02:23:07,201 [INFO] tgarchive.forwarding.AttachmentForwarder: Deduplication is ENABLED.
2025-07-12 02:23:07,202 [INFO] tgarchive.forwarding.AttachmentForwarder: Deduplication table 'forwarded_messages' initialized successfully.
2025-07-12 02:23:07,203 [INFO] tgarchive.forwarding.AttachmentForwarder: Loaded 0 existing message hashes into memory for deduplication.
2025-07-12 02:23:07,207 [INFO] tgarchive.config_models: Configuration saved to <MagicMock spec='Path' id='140555151566624'>
2025-07-12 02:23:07,208 [INFO] tgarchive.forwarding.AttachmentForwarder: File grouping strategy: none
2025-07-12 02:23:07,208 [INFO] tgarchive.forwarding.AttachmentForwarder: Deduplication is ENABLED.
2025-07-12 02:23:07,210 [INFO] tgarchive.forwarding.AttachmentForwarder: Deduplication table 'forwarded_messages' initialized successfully.
2025-07-12 02:23:07,210 [INFO] tgarchive.forwarding.AttachmentForwarder: Loaded 0 existing message hashes into memory for deduplication.
2025-07-12 02:23:07,215 [INFO] tgarchive.config_models: Configuration saved to <MagicMock spec='Path' id='140555152280560'>
2025-07-12 02:23:07,216 [INFO] tgarchive.forwarding.AttachmentForwarder: File grouping strategy: none
2025-07-12 02:23:07,216 [INFO] tgarchive.forwarding.AttachmentForwarder: Deduplication is ENABLED.
2025-07-12 02:23:07,217 [INFO] tgarchive.forwarding.AttachmentForwarder: Deduplication table 'forwarded_messages' initialized successfully.
2025-07-12 02:23:07,218 [INFO] tgarchive.forwarding.AttachmentForwarder: Loaded 0 existing message hashes into memory for deduplication.
2025-07-12 02:23:07,218 [INFO] tgarchive.forwarding.AttachmentForwarder: File grouping strategy: filename
2025-07-12 02:23:07,218 [INFO] tgarchive.forwarding.AttachmentForwarder: Deduplication is ENABLED.
2025-07-12 02:23:07,219 [INFO] tgarchive.forwarding.AttachmentForwarder: Deduplication table 'forwarded_messages' initialized successfully.
2025-07-12 02:23:07,220 [INFO] tgarchive.forwarding.AttachmentForwarder: Loaded 0 existing message hashes into memory for deduplication.
2025-07-12 02:23:07,226 [INFO] tgarchive.config_models: Configuration saved to <MagicMock spec='Path' id='140555153260224'>
2025-07-12 02:23:07,227 [INFO] tgarchive.forwarding.AttachmentForwarder: File grouping strategy: none
2025-07-12 02:23:07,227 [INFO] tgarchive.forwarding.AttachmentForwarder: Deduplication is ENABLED.
2025-07-12 02:23:07,228 [INFO] tgarchive.forwarding.AttachmentForwarder: Deduplication table 'forwarded_messages' initialized successfully.
2025-07-12 02:23:07,229 [INFO] tgarchive.forwarding.AttachmentForwarder: Loaded 0 existing message hashes into memory for deduplication.
2025-07-12 02:23:07,229 [INFO] tgarchive.forwarding.AttachmentForwarder: File grouping strategy: time
2025-07-12 02:23:07,229 [INFO] tgarchive.forwarding.AttachmentForwarder: Grouping time window: 60 seconds
2025-07-12 02:23:07,229 [INFO] tgarchive.forwarding.AttachmentForwarder: Deduplication is ENABLED.
2025-07-12 02:23:07,230 [INFO] tgarchive.forwarding.AttachmentForwarder: Deduplication table 'forwarded_messages' initialized successfully.
2025-07-12 02:23:07,231 [INFO] tgarchive.forwarding.AttachmentForwarder: Loaded 0 existing message hashes into memory for deduplication.
2025-07-12 02:23:07,234 [INFO] tgarchive.config_models: Configuration saved to <MagicMock spec='Path' id='140555150635712'>
2025-07-12 02:23:07,235 [INFO] tgarchive.forwarding.AttachmentForwarder: File grouping strategy: none
2025-07-12 02:23:07,235 [INFO] tgarchive.forwarding.AttachmentForwarder: Deduplication is ENABLED.
2025-07-12 02:23:07,236 [INFO] tgarchive.forwarding.AttachmentForwarder: Deduplication table 'forwarded_messages' initialized successfully.
2025-07-12 02:23:07,237 [INFO] tgarchive.forwarding.AttachmentForwarder: Loaded 0 existing message hashes into memory for deduplication.
