2025-07-12 01:01:40,001 [INFO] tgarchive.config_models: Configuration saved to <MagicMock spec='Path' id='140690208224560'>
2025-07-12 01:01:40,005 [INFO] tgarchive.forwarding.AttachmentForwarder: File grouping strategy: none
2025-07-12 01:01:40,006 [INFO] tgarchive.forwarding.AttachmentForwarder: Deduplication is ENABLED.
2025-07-12 01:01:40,007 [INFO] tgarchive.forwarding.AttachmentForwarder: Deduplication table 'forwarded_messages' initialized successfully.
2025-07-12 01:01:40,007 [INFO] tgarchive.forwarding.AttachmentForwarder: Loaded 0 existing message hashes into memory for deduplication.
2025-07-12 01:01:40,011 [INFO] tgarchive.config_models: Configuration saved to <MagicMock spec='Path' id='140690210468160'>
2025-07-12 01:01:40,013 [INFO] tgarchive.forwarding.AttachmentForwarder: File grouping strategy: none
2025-07-12 01:01:40,013 [INFO] tgarchive.forwarding.AttachmentForwarder: Deduplication is ENABLED.
2025-07-12 01:01:40,014 [INFO] tgarchive.forwarding.AttachmentForwarder: Deduplication table 'forwarded_messages' initialized successfully.
2025-07-12 01:01:40,015 [INFO] tgarchive.forwarding.AttachmentForwarder: Loaded 0 existing message hashes into memory for deduplication.
2025-07-12 01:01:40,021 [INFO] tgarchive.config_models: Configuration saved to <MagicMock spec='Path' id='140690208887712'>
2025-07-12 01:01:40,022 [INFO] tgarchive.forwarding.AttachmentForwarder: File grouping strategy: none
2025-07-12 01:01:40,022 [INFO] tgarchive.forwarding.AttachmentForwarder: Deduplication is ENABLED.
2025-07-12 01:01:40,024 [INFO] tgarchive.forwarding.AttachmentForwarder: Deduplication table 'forwarded_messages' initialized successfully.
2025-07-12 01:01:40,024 [INFO] tgarchive.forwarding.AttachmentForwarder: Loaded 0 existing message hashes into memory for deduplication.
2025-07-12 01:01:40,024 [INFO] tgarchive.forwarding.AttachmentForwarder: File grouping strategy: filename
2025-07-12 01:01:40,025 [INFO] tgarchive.forwarding.AttachmentForwarder: Deduplication is ENABLED.
2025-07-12 01:01:40,026 [INFO] tgarchive.forwarding.AttachmentForwarder: Deduplication table 'forwarded_messages' initialized successfully.
2025-07-12 01:01:40,027 [INFO] tgarchive.forwarding.AttachmentForwarder: Loaded 0 existing message hashes into memory for deduplication.
2025-07-12 01:01:40,033 [INFO] tgarchive.config_models: Configuration saved to <MagicMock spec='Path' id='140690208215152'>
2025-07-12 01:01:40,034 [INFO] tgarchive.forwarding.AttachmentForwarder: File grouping strategy: none
2025-07-12 01:01:40,034 [INFO] tgarchive.forwarding.AttachmentForwarder: Deduplication is ENABLED.
2025-07-12 01:01:40,035 [INFO] tgarchive.forwarding.AttachmentForwarder: Deduplication table 'forwarded_messages' initialized successfully.
2025-07-12 01:01:40,035 [INFO] tgarchive.forwarding.AttachmentForwarder: Loaded 0 existing message hashes into memory for deduplication.
2025-07-12 01:01:40,035 [INFO] tgarchive.forwarding.AttachmentForwarder: File grouping strategy: time
2025-07-12 01:01:40,035 [INFO] tgarchive.forwarding.AttachmentForwarder: Grouping time window: 60 seconds
2025-07-12 01:01:40,035 [INFO] tgarchive.forwarding.AttachmentForwarder: Deduplication is ENABLED.
2025-07-12 01:01:40,036 [INFO] tgarchive.forwarding.AttachmentForwarder: Deduplication table 'forwarded_messages' initialized successfully.
2025-07-12 01:01:40,037 [INFO] tgarchive.forwarding.AttachmentForwarder: Loaded 0 existing message hashes into memory for deduplication.
2025-07-12 01:01:40,040 [INFO] tgarchive.config_models: Configuration saved to <MagicMock spec='Path' id='140690207223984'>
2025-07-12 01:01:40,041 [INFO] tgarchive.forwarding.AttachmentForwarder: File grouping strategy: none
2025-07-12 01:01:40,041 [INFO] tgarchive.forwarding.AttachmentForwarder: Deduplication is ENABLED.
2025-07-12 01:01:40,042 [INFO] tgarchive.forwarding.AttachmentForwarder: Deduplication table 'forwarded_messages' initialized successfully.
2025-07-12 01:01:40,042 [INFO] tgarchive.forwarding.AttachmentForwarder: Loaded 0 existing message hashes into memory for deduplication.
