2025-07-12 00:59:55,605 [INFO] tgarchive.config_models: Configuration saved to <MagicMock spec='Path' id='140159265960208'>
2025-07-12 00:59:55,609 [INFO] tgarchive.forwarding.AttachmentForwarder: File grouping strategy: none
2025-07-12 00:59:55,610 [INFO] tgarchive.forwarding.AttachmentForwarder: Deduplication is ENABLED.
2025-07-12 00:59:55,611 [INFO] tgarchive.forwarding.AttachmentForwarder: Deduplication table 'forwarded_messages' initialized successfully.
2025-07-12 00:59:55,611 [INFO] tgarchive.forwarding.AttachmentForwarder: Loaded 0 existing message hashes into memory for deduplication.
2025-07-12 00:59:55,616 [INFO] tgarchive.config_models: Configuration saved to <MagicMock spec='Path' id='140159266141104'>
2025-07-12 00:59:55,617 [INFO] tgarchive.forwarding.AttachmentForwarder: File grouping strategy: none
2025-07-12 00:59:55,617 [INFO] tgarchive.forwarding.AttachmentForwarder: Deduplication is ENABLED.
2025-07-12 00:59:55,619 [INFO] tgarchive.forwarding.AttachmentForwarder: Deduplication table 'forwarded_messages' initialized successfully.
2025-07-12 00:59:55,619 [INFO] tgarchive.forwarding.AttachmentForwarder: Loaded 0 existing message hashes into memory for deduplication.
2025-07-12 00:59:55,625 [INFO] tgarchive.config_models: Configuration saved to <MagicMock spec='Path' id='140159309366960'>
2025-07-12 00:59:55,627 [INFO] tgarchive.forwarding.AttachmentForwarder: File grouping strategy: none
2025-07-12 00:59:55,627 [INFO] tgarchive.forwarding.AttachmentForwarder: Deduplication is ENABLED.
2025-07-12 00:59:55,628 [INFO] tgarchive.forwarding.AttachmentForwarder: Deduplication table 'forwarded_messages' initialized successfully.
2025-07-12 00:59:55,629 [INFO] tgarchive.forwarding.AttachmentForwarder: Loaded 0 existing message hashes into memory for deduplication.
2025-07-12 00:59:55,629 [INFO] tgarchive.forwarding.AttachmentForwarder: File grouping strategy: filename
2025-07-12 00:59:55,629 [INFO] tgarchive.forwarding.AttachmentForwarder: Deduplication is ENABLED.
2025-07-12 00:59:55,631 [INFO] tgarchive.forwarding.AttachmentForwarder: Deduplication table 'forwarded_messages' initialized successfully.
2025-07-12 00:59:55,631 [INFO] tgarchive.forwarding.AttachmentForwarder: Loaded 0 existing message hashes into memory for deduplication.
2025-07-12 00:59:55,637 [INFO] tgarchive.config_models: Configuration saved to <MagicMock spec='Path' id='140159266845232'>
2025-07-12 00:59:55,639 [INFO] tgarchive.forwarding.AttachmentForwarder: File grouping strategy: none
2025-07-12 00:59:55,639 [INFO] tgarchive.forwarding.AttachmentForwarder: Deduplication is ENABLED.
2025-07-12 00:59:55,640 [INFO] tgarchive.forwarding.AttachmentForwarder: Deduplication table 'forwarded_messages' initialized successfully.
2025-07-12 00:59:55,640 [INFO] tgarchive.forwarding.AttachmentForwarder: Loaded 0 existing message hashes into memory for deduplication.
2025-07-12 00:59:55,640 [INFO] tgarchive.forwarding.AttachmentForwarder: File grouping strategy: time
2025-07-12 00:59:55,640 [INFO] tgarchive.forwarding.AttachmentForwarder: Grouping time window: 60 seconds
2025-07-12 00:59:55,640 [INFO] tgarchive.forwarding.AttachmentForwarder: Deduplication is ENABLED.
2025-07-12 00:59:55,641 [INFO] tgarchive.forwarding.AttachmentForwarder: Deduplication table 'forwarded_messages' initialized successfully.
2025-07-12 00:59:55,642 [INFO] tgarchive.forwarding.AttachmentForwarder: Loaded 0 existing message hashes into memory for deduplication.
2025-07-12 00:59:55,645 [INFO] tgarchive.config_models: Configuration saved to <MagicMock spec='Path' id='140159265026704'>
2025-07-12 00:59:55,646 [INFO] tgarchive.forwarding.AttachmentForwarder: File grouping strategy: none
2025-07-12 00:59:55,646 [INFO] tgarchive.forwarding.AttachmentForwarder: Deduplication is ENABLED.
2025-07-12 00:59:55,647 [INFO] tgarchive.forwarding.AttachmentForwarder: Deduplication table 'forwarded_messages' initialized successfully.
2025-07-12 00:59:55,648 [INFO] tgarchive.forwarding.AttachmentForwarder: Loaded 0 existing message hashes into memory for deduplication.
